0 info it worked if it ends with ok
1 verbose cli [ '/usr/bin/nodejs',
1 verbose cli   '/usr/bin/npm',
1 verbose cli   'install',
1 verbose cli   'js-bson',
1 verbose cli   '--save' ]
2 info using npm@1.3.10
3 info using node@v0.10.25
4 verbose readDependencies using package.json deps
5 verbose cache add [ 'js-bson', null ]
6 verbose cache add name=undefined spec="js-bson" args=["js-bson",null]
7 verbose parsed url { protocol: null,
7 verbose parsed url   slashes: null,
7 verbose parsed url   auth: null,
7 verbose parsed url   host: null,
7 verbose parsed url   port: null,
7 verbose parsed url   hostname: null,
7 verbose parsed url   hash: null,
7 verbose parsed url   search: null,
7 verbose parsed url   query: null,
7 verbose parsed url   pathname: 'js-bson',
7 verbose parsed url   path: 'js-bson',
7 verbose parsed url   href: 'js-bson' }
8 silly lockFile 39987484-js-bson js-bson
9 verbose lock js-bson /home/abraao/.npm/39987484-js-bson.lock
10 silly lockFile 39987484-js-bson js-bson
11 silly lockFile 39987484-js-bson js-bson
12 verbose addNamed [ 'js-bson', '' ]
13 verbose addNamed [ null, '*' ]
14 silly lockFile a5c0f890-js-bson js-bson@
15 verbose lock js-bson@ /home/abraao/.npm/a5c0f890-js-bson.lock
16 silly addNameRange { name: 'js-bson', range: '*', hasData: false }
17 verbose url raw js-bson
18 verbose url resolving [ 'https://registry.npmjs.org/', './js-bson' ]
19 verbose url resolved https://registry.npmjs.org/js-bson
20 info trying registry request attempt 1 at 00:46:57
21 http GET https://registry.npmjs.org/js-bson
22 http 404 https://registry.npmjs.org/js-bson
23 silly registry.get cb [ 404,
23 silly registry.get   { date: 'Mon, 23 Feb 2015 03:47:01 GMT',
23 silly registry.get     server: 'CouchDB/1.6.1 (Erlang OTP/R14B04)',
23 silly registry.get     'content-type': 'application/json',
23 silly registry.get     'cache-control': 'max-age=0',
23 silly registry.get     'content-length': '52',
23 silly registry.get     'accept-ranges': 'bytes',
23 silly registry.get     via: '1.1 varnish',
23 silly registry.get     age: '0',
23 silly registry.get     'x-served-by': 'cache-jfk1020-JFK',
23 silly registry.get     'x-cache': 'MISS',
23 silly registry.get     'x-cache-hits': '0',
23 silly registry.get     'x-timer': 'S1424663220.948637,VS0,VE85',
23 silly registry.get     'keep-alive': 'timeout=10, max=50',
23 silly registry.get     connection: 'Keep-Alive' } ]
24 silly lockFile a5c0f890-js-bson js-bson@
25 silly lockFile a5c0f890-js-bson js-bson@
26 error 404 'js-bson' is not in the npm registry.
26 error 404 You should bug the author to publish it
26 error 404
26 error 404 Note that you can also install from a
26 error 404 tarball, folder, or http url, or git url.
27 error System Linux 3.14.0-031400-generic
28 error command "/usr/bin/nodejs" "/usr/bin/npm" "install" "js-bson" "--save"
29 error cwd /home/abraao/projetos/nodejs/christianservices
30 error node -v v0.10.25
31 error npm -v 1.3.10
32 error code E404
33 verbose exit [ 1, true ]
